app/build/intermediates/manifest_merge_blame_file/debug/manifest-merger-blame-debug-report.txt
1<?xml version="1.0" encoding="utf-8"?>
2<manifest xmlns:android="http://schemas.android.com/apk/res/android"
3    package="com.example.herodtime"
4    android:versionCode="1"
5    android:versionName="1.0" >
6
7    <uses-sdk
8        android:minSdkVersion="26"
9        android:targetSdkVersion="34" />
10
11    <!-- Required for showing runtime notifications on Android 13+ -->
12    <uses-permission android:name="android.permission.POST_NOTIFICATIONS" />
12-->src/main/AndroidManifest.xml:5:5-77
12-->src/main/AndroidManifest.xml:5:22-74
13
14    <permission
14-->[androidx.core:core:1.13.0] AndroidManifest.xml:22:5-24:47
15        android:name="com.example.herodtime.DYNAMIC_RECEIVER_NOT_EXPORTED_PERMISSION"
15-->[androidx.core:core:1.13.0] AndroidManifest.xml:23:9-81
16        android:protectionLevel="signature" />
16-->[androidx.core:core:1.13.0] AndroidManifest.xml:24:9-44
17
18    <uses-permission android:name="com.example.herodtime.DYNAMIC_RECEIVER_NOT_EXPORTED_PERMISSION" />
18-->[androidx.core:core:1.13.0] AndroidManifest.xml:26:5-97
18-->[androidx.core:core:1.13.0] AndroidManifest.xml:26:22-94
19
20    <application
20-->src/main/AndroidManifest.xml:7:5-18:19
21        android:allowBackup="true"
21-->src/main/AndroidManifest.xml:8:9-35
22        android:appComponentFactory="androidx.core.app.CoreComponentFactory"
22-->[androidx.core:core:1.13.0] AndroidManifest.xml:28:18-86
23        android:debuggable="true"
24        android:extractNativeLibs="false"
25        android:label="Metric Time"
25-->src/main/AndroidManifest.xml:9:9-36
26        android:theme="@style/Theme.HerodTime" >
26-->src/main/AndroidManifest.xml:10:9-47
27        <activity
27-->src/main/AndroidManifest.xml:11:9-17:20
28            android:name="com.example.herodtime.MainActivity"
28-->src/main/AndroidManifest.xml:11:19-47
29            android:exported="true" >
29-->src/main/AndroidManifest.xml:12:13-36
30            <intent-filter>
30-->src/main/AndroidManifest.xml:13:13-16:29
31                <action android:name="android.intent.action.MAIN" />
31-->src/main/AndroidManifest.xml:14:17-69
31-->src/main/AndroidManifest.xml:14:25-66
32
33                <category android:name="android.intent.category.LAUNCHER" />
33-->src/main/AndroidManifest.xml:15:17-77
33-->src/main/AndroidManifest.xml:15:27-74
34            </intent-filter>
35        </activity>
36        <activity
36-->[androidx.compose.ui:ui-tooling-android:1.5.3] AndroidManifest.xml:23:9-25:39
37            android:name="androidx.compose.ui.tooling.PreviewActivity"
37-->[androidx.compose.ui:ui-tooling-android:1.5.3] AndroidManifest.xml:24:13-71
38            android:exported="true" />
38-->[androidx.compose.ui:ui-tooling-android:1.5.3] AndroidManifest.xml:25:13-36
39
40        <provider
40-->[androidx.emoji2:emoji2:1.4.0] AndroidManifest.xml:24:9-32:20
41            android:name="androidx.startup.InitializationProvider"
41-->[androidx.emoji2:emoji2:1.4.0] AndroidManifest.xml:25:13-67
42            android:authorities="com.example.herodtime.androidx-startup"
42-->[androidx.emoji2:emoji2:1.4.0] AndroidManifest.xml:26:13-68
43            android:exported="false" >
43-->[androidx.emoji2:emoji2:1.4.0] AndroidManifest.xml:27:13-37
44            <meta-data
44-->[androidx.emoji2:emoji2:1.4.0] AndroidManifest.xml:29:13-31:52
45                android:name="androidx.emoji2.text.EmojiCompatInitializer"
45-->[androidx.emoji2:emoji2:1.4.0] AndroidManifest.xml:30:17-75
46                android:value="androidx.startup" />
46-->[androidx.emoji2:emoji2:1.4.0] AndroidManifest.xml:31:17-49
47            <meta-data
47-->[androidx.lifecycle:lifecycle-process:2.6.2] AndroidManifest.xml:29:13-31:52
48                android:name="androidx.lifecycle.ProcessLifecycleInitializer"
48-->[androidx.lifecycle:lifecycle-process:2.6.2] AndroidManifest.xml:30:17-78
49                android:value="androidx.startup" />
49-->[androidx.lifecycle:lifecycle-process:2.6.2] AndroidManifest.xml:31:17-49
50            <meta-data
50-->[androidx.profileinstaller:profileinstaller:1.3.1] AndroidManifest.xml:29:13-31:52
51                android:name="androidx.profileinstaller.ProfileInstallerInitializer"
51-->[androidx.profileinstaller:profileinstaller:1.3.1] AndroidManifest.xml:30:17-85
52                android:value="androidx.startup" />
52-->[androidx.profileinstaller:profileinstaller:1.3.1] AndroidManifest.xml:31:17-49
53        </provider>
54
55        <receiver
55-->[androidx.profileinstaller:profileinstaller:1.3.1] AndroidManifest.xml:34:9-52:20
56            android:name="androidx.profileinstaller.ProfileInstallReceiver"
56-->[androidx.profileinstaller:profileinstaller:1.3.1] AndroidManifest.xml:35:13-76
57            android:directBootAware="false"
57-->[androidx.profileinstaller:profileinstaller:1.3.1] AndroidManifest.xml:36:13-44
58            android:enabled="true"
58-->[androidx.profileinstaller:profileinstaller:1.3.1] AndroidManifest.xml:37:13-35
59            android:exported="true"
59-->[androidx.profileinstaller:profileinstaller:1.3.1] AndroidManifest.xml:38:13-36
60            android:permission="android.permission.DUMP" >
60-->[androidx.profileinstaller:profileinstaller:1.3.1] AndroidManifest.xml:39:13-57
61            <intent-filter>
61-->[androidx.profileinstaller:profileinstaller:1.3.1] AndroidManifest.xml:40:13-42:29
62                <action android:name="androidx.profileinstaller.action.INSTALL_PROFILE" />
62-->[androidx.profileinstaller:profileinstaller:1.3.1] AndroidManifest.xml:41:17-91
62-->[androidx.profileinstaller:profileinstaller:1.3.1] AndroidManifest.xml:41:25-88
63            </intent-filter>
64            <intent-filter>
64-->[androidx.profileinstaller:profileinstaller:1.3.1] AndroidManifest.xml:43:13-45:29
65                <action android:name="androidx.profileinstaller.action.SKIP_FILE" />
65-->[androidx.profileinstaller:profileinstaller:1.3.1] AndroidManifest.xml:44:17-85
65-->[androidx.profileinstaller:profileinstaller:1.3.1] AndroidManifest.xml:44:25-82
66            </intent-filter>
67            <intent-filter>
67-->[androidx.profileinstaller:profileinstaller:1.3.1] AndroidManifest.xml:46:13-48:29
68                <action android:name="androidx.profileinstaller.action.SAVE_PROFILE" />
68-->[androidx.profileinstaller:profileinstaller:1.3.1] AndroidManifest.xml:47:17-88
68-->[androidx.profileinstaller:profileinstaller:1.3.1] AndroidManifest.xml:47:25-85
69            </intent-filter>
70            <intent-filter>
70-->[androidx.profileinstaller:profileinstaller:1.3.1] AndroidManifest.xml:49:13-51:29
71                <action android:name="androidx.profileinstaller.action.BENCHMARK_OPERATION" />
71-->[androidx.profileinstaller:profileinstaller:1.3.1] AndroidManifest.xml:50:17-95
71-->[androidx.profileinstaller:profileinstaller:1.3.1] AndroidManifest.xml:50:25-92
72            </intent-filter>
73        </receiver>
74    </application>
75
76</manifest>